\BOOKMARK [0][-]{Doc-Start}{Todo\040list}{}% 1
\BOOKMARK [0][-]{chapter.1}{導入}{}% 2
\BOOKMARK [1][-]{section.1.1}{Haxeって何?}{chapter.1}% 3
\BOOKMARK [1][-]{section.1.2}{このドキュメントについて}{chapter.1}% 4
\BOOKMARK [2][-]{subsection.1.2.1}{著者と貢献者}{section.1.2}% 5
\BOOKMARK [2][-]{subsection.1.2.2}{ライセンス}{section.1.2}% 6
\BOOKMARK [1][-]{section.1.3}{Hello\040World}{chapter.1}% 7
\BOOKMARK [1][-]{section.1.4}{歴史}{chapter.1}% 8
\BOOKMARK [-1][-]{part.1}{I 言語リファレンス}{}% 9
\BOOKMARK [0][-]{chapter.2}{型}{part.1}% 10
\BOOKMARK [1][-]{section.2.1}{基本型}{chapter.2}% 11
\BOOKMARK [2][-]{subsection.2.1.1}{数値型}{section.2.1}% 12
\BOOKMARK [2][-]{subsection.2.1.2}{オーバーフロー}{section.2.1}% 13
\BOOKMARK [2][-]{subsection.2.1.3}{数値の演算子}{section.2.1}% 14
\BOOKMARK [2][-]{subsection.2.1.4}{Bool\(真偽値\)}{section.2.1}% 15
\BOOKMARK [2][-]{subsection.2.1.5}{Void}{section.2.1}% 16
\BOOKMARK [1][-]{section.2.2}{Nullable\(null許容型\)}{chapter.2}% 17
\BOOKMARK [2][-]{subsection.2.2.1}{オプション引数とnull許容}{section.2.2}% 18
\BOOKMARK [1][-]{section.2.3}{クラスインスタンス}{chapter.2}% 19
\BOOKMARK [2][-]{subsection.2.3.1}{クラスのコンストラクタ}{section.2.3}% 20
\BOOKMARK [2][-]{subsection.2.3.2}{継承}{section.2.3}% 21
\BOOKMARK [2][-]{subsection.2.3.3}{インターフェース}{section.2.3}% 22
\BOOKMARK [1][-]{section.2.4}{列挙型インスタンス}{chapter.2}% 23
\BOOKMARK [2][-]{subsection.2.4.1}{列挙型のコンストラクタ}{section.2.4}% 24
\BOOKMARK [2][-]{subsection.2.4.2}{列挙型を使う}{section.2.4}% 25
\BOOKMARK [1][-]{section.2.5}{匿名の構造体}{chapter.2}% 26
\BOOKMARK [2][-]{subsection.2.5.1}{JSONで構造体を書く}{section.2.5}% 27
\BOOKMARK [2][-]{subsection.2.5.2}{構造体の型のクラス記法}{section.2.5}% 28
\BOOKMARK [2][-]{subsection.2.5.3}{オプションのフィールド}{section.2.5}% 29
\BOOKMARK [2][-]{subsection.2.5.4}{パフォーマンスへの影響}{section.2.5}% 30
\BOOKMARK [1][-]{section.2.6}{関数}{chapter.2}% 31
\BOOKMARK [2][-]{subsection.2.6.1}{オプション引数}{section.2.6}% 32
\BOOKMARK [2][-]{subsection.2.6.2}{デフォルト値}{section.2.6}% 33
\BOOKMARK [1][-]{section.2.7}{ダイナミック}{chapter.2}% 34
\BOOKMARK [2][-]{subsection.2.7.1}{型パラメータ付きのダイナミック}{section.2.7}% 35
\BOOKMARK [2][-]{subsection.2.7.2}{ダイナミックを実装\(implements\)する}{section.2.7}% 36
\BOOKMARK [1][-]{section.2.8}{抽象型\(abstract\)}{chapter.2}% 37
\BOOKMARK [2][-]{subsection.2.8.1}{暗黙のキャスト}{section.2.8}% 38
\BOOKMARK [2][-]{subsection.2.8.2}{演算子オーバーロード}{section.2.8}% 39
\BOOKMARK [2][-]{subsection.2.8.3}{配列アクセス}{section.2.8}% 40
\BOOKMARK [2][-]{subsection.2.8.4}{選択的関数}{section.2.8}% 41
\BOOKMARK [2][-]{subsection.2.8.5}{抽象型列挙体}{section.2.8}% 42
\BOOKMARK [2][-]{subsection.2.8.6}{抽象型フィールドの繰り上げ}{section.2.8}% 43
\BOOKMARK [2][-]{subsection.2.8.7}{コアタイプの抽象型}{section.2.8}% 44
\BOOKMARK [1][-]{section.2.9}{単相\(モノモーフ\)}{chapter.2}% 45
\BOOKMARK [0][-]{chapter.3}{型システム}{part.1}% 46
\BOOKMARK [1][-]{section.3.1}{typedef}{chapter.3}% 47
\BOOKMARK [2][-]{subsection.3.1.1}{拡張}{section.3.1}% 48
\BOOKMARK [1][-]{section.3.2}{型パラメータ}{chapter.3}% 49
\BOOKMARK [2][-]{subsection.3.2.1}{制約}{section.3.2}% 50
\BOOKMARK [1][-]{section.3.3}{ジェネリック}{chapter.3}% 51
\BOOKMARK [2][-]{subsection.3.3.1}{ジェネリック型パラメータのコンストラクト}{section.3.3}% 52
\BOOKMARK [1][-]{section.3.4}{変性\(バリアンス\)}{chapter.3}% 53
\BOOKMARK [1][-]{section.3.5}{単一化\(ユニファイ\)}{chapter.3}% 54
\BOOKMARK [2][-]{subsection.3.5.1}{クラスとインターフェースの単一化}{section.3.5}% 55
\BOOKMARK [2][-]{subsection.3.5.2}{構造的部分型付け}{section.3.5}% 56
\BOOKMARK [2][-]{subsection.3.5.3}{単相}{section.3.5}% 57
\BOOKMARK [2][-]{subsection.3.5.4}{関数の戻り値}{section.3.5}% 58
\BOOKMARK [2][-]{subsection.3.5.5}{共通の基底型}{section.3.5}% 59
\BOOKMARK [1][-]{section.3.6}{型推論}{chapter.3}% 60
\BOOKMARK [2][-]{subsection.3.6.1}{トップダウンの推論}{section.3.6}% 61
\BOOKMARK [2][-]{subsection.3.6.2}{制限}{section.3.6}% 62
\BOOKMARK [1][-]{section.3.7}{モジュールとパス}{chapter.3}% 63
\BOOKMARK [2][-]{subsection.3.7.1}{モジュールのサブタイプ\(従属型\)}{section.3.7}% 64
\BOOKMARK [2][-]{subsection.3.7.2}{インポート\(import\)}{section.3.7}% 65
\BOOKMARK [2][-]{subsection.3.7.3}{解決順序}{section.3.7}% 66
\BOOKMARK [0][-]{chapter.4}{Class\040Fields}{part.1}% 67
\BOOKMARK [1][-]{section.4.1}{Variable}{chapter.4}% 68
\BOOKMARK [1][-]{section.4.2}{Property}{chapter.4}% 69
\BOOKMARK [2][-]{subsection.4.2.1}{Common\040accessor\040identifier\040combinations}{section.4.2}% 70
\BOOKMARK [2][-]{subsection.4.2.2}{Impact\040on\040the\040type\040system}{section.4.2}% 71
\BOOKMARK [2][-]{subsection.4.2.3}{Rules\040for\040getter\040and\040setter}{section.4.2}% 72
\BOOKMARK [1][-]{section.4.3}{Method}{chapter.4}% 73
\BOOKMARK [2][-]{subsection.4.3.1}{Overriding\040Methods}{section.4.3}% 74
\BOOKMARK [2][-]{subsection.4.3.2}{Effects\040of\040variance\040and\040access\040modifiers}{section.4.3}% 75
\BOOKMARK [1][-]{section.4.4}{Access\040Modifier}{chapter.4}% 76
\BOOKMARK [2][-]{subsection.4.4.1}{Visibility}{section.4.4}% 77
\BOOKMARK [2][-]{subsection.4.4.2}{Inline}{section.4.4}% 78
\BOOKMARK [2][-]{subsection.4.4.3}{Dynamic}{section.4.4}% 79
\BOOKMARK [2][-]{subsection.4.4.4}{Override}{section.4.4}% 80
\BOOKMARK [0][-]{chapter.5}{式}{part.1}% 81
\BOOKMARK [1][-]{section.5.1}{ブロック}{chapter.5}% 82
\BOOKMARK [1][-]{section.5.2}{定数値}{chapter.5}% 83
\BOOKMARK [1][-]{section.5.3}{2項演算子}{chapter.5}% 84
\BOOKMARK [1][-]{section.5.4}{単項演算子}{chapter.5}% 85
\BOOKMARK [1][-]{section.5.5}{配列の宣言}{chapter.5}% 86
\BOOKMARK [1][-]{section.5.6}{オブジェクトの宣言}{chapter.5}% 87
\BOOKMARK [1][-]{section.5.7}{フィールドへのアクセス}{chapter.5}% 88
\BOOKMARK [1][-]{section.5.8}{配列アクセス}{chapter.5}% 89
\BOOKMARK [1][-]{section.5.9}{関数呼び出し}{chapter.5}% 90
\BOOKMARK [1][-]{section.5.10}{var\(変数宣言\)}{chapter.5}% 91
\BOOKMARK [1][-]{section.5.11}{ローカル関数}{chapter.5}% 92
\BOOKMARK [1][-]{section.5.12}{new\(インスタンス化\)}{chapter.5}% 93
\BOOKMARK [1][-]{section.5.13}{for}{chapter.5}% 94
\BOOKMARK [1][-]{section.5.14}{whileループ}{chapter.5}% 95
\BOOKMARK [1][-]{section.5.15}{do-whileループ}{chapter.5}% 96
\BOOKMARK [1][-]{section.5.16}{if}{chapter.5}% 97
\BOOKMARK [1][-]{section.5.17}{switch}{chapter.5}% 98
\BOOKMARK [1][-]{section.5.18}{try/catch}{chapter.5}% 99
\BOOKMARK [1][-]{section.5.19}{return}{chapter.5}% 100
\BOOKMARK [1][-]{section.5.20}{break}{chapter.5}% 101
\BOOKMARK [1][-]{section.5.21}{continue}{chapter.5}% 102
\BOOKMARK [1][-]{section.5.22}{throw}{chapter.5}% 103
\BOOKMARK [1][-]{section.5.23}{cast}{chapter.5}% 104
\BOOKMARK [2][-]{subsection.5.23.1}{非セーフキャスト}{section.5.23}% 105
\BOOKMARK [2][-]{subsection.5.23.2}{セーフキャスト}{section.5.23}% 106
\BOOKMARK [1][-]{section.5.24}{型チェック}{chapter.5}% 107
\BOOKMARK [0][-]{chapter.6}{Language\040Features}{part.1}% 108
\BOOKMARK [1][-]{section.6.1}{Conditional\040Compilation}{chapter.6}% 109
\BOOKMARK [2][-]{subsection.6.1.1}{Global\040Compiler\040Flags}{section.6.1}% 110
\BOOKMARK [1][-]{section.6.2}{Externs}{chapter.6}% 111
\BOOKMARK [1][-]{section.6.3}{Static\040Extension}{chapter.6}% 112
\BOOKMARK [2][-]{subsection.6.3.1}{In\040the\040Haxe\040Standard\040Library}{section.6.3}% 113
\BOOKMARK [1][-]{section.6.4}{Pattern\040Matching}{chapter.6}% 114
\BOOKMARK [2][-]{subsection.6.4.1}{Introduction}{section.6.4}% 115
\BOOKMARK [2][-]{subsection.6.4.2}{Enum\040matching}{section.6.4}% 116
\BOOKMARK [2][-]{subsection.6.4.3}{Variable\040capture}{section.6.4}% 117
\BOOKMARK [2][-]{subsection.6.4.4}{Structure\040matching}{section.6.4}% 118
\BOOKMARK [2][-]{subsection.6.4.5}{Array\040matching}{section.6.4}% 119
\BOOKMARK [2][-]{subsection.6.4.6}{Or\040patterns}{section.6.4}% 120
\BOOKMARK [2][-]{subsection.6.4.7}{Guards}{section.6.4}% 121
\BOOKMARK [2][-]{subsection.6.4.8}{Match\040on\040multiple\040values}{section.6.4}% 122
\BOOKMARK [2][-]{subsection.6.4.9}{Extractors}{section.6.4}% 123
\BOOKMARK [2][-]{subsection.6.4.10}{Exhaustiveness\040checks}{section.6.4}% 124
\BOOKMARK [2][-]{subsection.6.4.11}{Useless\040pattern\040checks}{section.6.4}% 125
\BOOKMARK [1][-]{section.6.5}{String\040Interpolation}{chapter.6}% 126
\BOOKMARK [1][-]{section.6.6}{Array\040Comprehension}{chapter.6}% 127
\BOOKMARK [1][-]{section.6.7}{Iterators}{chapter.6}% 128
\BOOKMARK [1][-]{section.6.8}{Function\040Bindings}{chapter.6}% 129
\BOOKMARK [1][-]{section.6.9}{Metadata}{chapter.6}% 130
\BOOKMARK [1][-]{section.6.10}{Access\040Control}{chapter.6}% 131
\BOOKMARK [1][-]{section.6.11}{Inline\040constructors}{chapter.6}% 132
\BOOKMARK [-1][-]{part.2}{II\040Compiler\040Reference}{}% 133
\BOOKMARK [0][-]{chapter.7}{Compiler\040Usage}{part.2}% 134
\BOOKMARK [0][-]{chapter.8}{Compiler\040Features}{part.2}% 135
\BOOKMARK [1][-]{section.8.1}{Built-in\040Compiler\040Metadata}{chapter.8}% 136
\BOOKMARK [1][-]{section.8.2}{Dead\040Code\040Elimination}{chapter.8}% 137
\BOOKMARK [1][-]{section.8.3}{Completion}{chapter.8}% 138
\BOOKMARK [2][-]{subsection.8.3.1}{Overview}{section.8.3}% 139
\BOOKMARK [2][-]{subsection.8.3.2}{Field\040access\040completion}{section.8.3}% 140
\BOOKMARK [2][-]{subsection.8.3.3}{Call\040argument\040completion}{section.8.3}% 141
\BOOKMARK [2][-]{subsection.8.3.4}{Type\040path\040completion}{section.8.3}% 142
\BOOKMARK [2][-]{subsection.8.3.5}{Usage\040completion}{section.8.3}% 143
\BOOKMARK [2][-]{subsection.8.3.6}{Position\040completion}{section.8.3}% 144
\BOOKMARK [2][-]{subsection.8.3.7}{Top-level\040completion}{section.8.3}% 145
\BOOKMARK [2][-]{subsection.8.3.8}{Completion\040server}{section.8.3}% 146
\BOOKMARK [1][-]{section.8.4}{Resources}{chapter.8}% 147
\BOOKMARK [2][-]{subsection.8.4.1}{Embedding\040resources}{section.8.4}% 148
\BOOKMARK [2][-]{subsection.8.4.2}{Retrieving\040text\040resources}{section.8.4}% 149
\BOOKMARK [2][-]{subsection.8.4.3}{Retrieving\040binary\040resources}{section.8.4}% 150
\BOOKMARK [2][-]{subsection.8.4.4}{Implementation\040details}{section.8.4}% 151
\BOOKMARK [1][-]{section.8.5}{Runtime\040Type\040Information}{chapter.8}% 152
\BOOKMARK [2][-]{subsection.8.5.1}{RTTI\040structure}{section.8.5}% 153
\BOOKMARK [0][-]{chapter.9}{Macros}{part.2}% 154
\BOOKMARK [1][-]{section.9.1}{Macro\040Context}{chapter.9}% 155
\BOOKMARK [1][-]{section.9.2}{Arguments}{chapter.9}% 156
\BOOKMARK [2][-]{subsection.9.2.1}{ExprOf}{section.9.2}% 157
\BOOKMARK [2][-]{subsection.9.2.2}{Constant\040Expressions}{section.9.2}% 158
\BOOKMARK [2][-]{subsection.9.2.3}{Rest\040Argument}{section.9.2}% 159
\BOOKMARK [1][-]{section.9.3}{Reification}{chapter.9}% 160
\BOOKMARK [2][-]{subsection.9.3.1}{Expression\040Reification}{section.9.3}% 161
\BOOKMARK [2][-]{subsection.9.3.2}{Type\040Reification}{section.9.3}% 162
\BOOKMARK [2][-]{subsection.9.3.3}{Class\040Reification}{section.9.3}% 163
\BOOKMARK [1][-]{section.9.4}{Tools}{chapter.9}% 164
\BOOKMARK [1][-]{section.9.5}{Type\040Building}{chapter.9}% 165
\BOOKMARK [2][-]{subsection.9.5.1}{Enum\040building}{section.9.5}% 166
\BOOKMARK [2][-]{subsection.9.5.2}{@:autoBuild}{section.9.5}% 167
\BOOKMARK [2][-]{subsection.9.5.3}{@:genericBuild}{section.9.5}% 168
\BOOKMARK [1][-]{section.9.6}{Limitations}{chapter.9}% 169
\BOOKMARK [2][-]{subsection.9.6.1}{Macro-in-Macro}{section.9.6}% 170
\BOOKMARK [2][-]{subsection.9.6.2}{Static\040extension}{section.9.6}% 171
\BOOKMARK [2][-]{subsection.9.6.3}{Build\040Order}{section.9.6}% 172
\BOOKMARK [2][-]{subsection.9.6.4}{Type\040Parameters}{section.9.6}% 173
\BOOKMARK [1][-]{section.9.7}{Initialization\040macros}{chapter.9}% 174
\BOOKMARK [-1][-]{part.3}{III\040Standard\040Library}{}% 175
\BOOKMARK [0][-]{chapter.10}{Standard\040Library}{part.3}% 176
\BOOKMARK [1][-]{section.10.1}{String}{chapter.10}% 177
\BOOKMARK [1][-]{section.10.2}{Data\040Structures}{chapter.10}% 178
\BOOKMARK [2][-]{subsection.10.2.1}{Array}{section.10.2}% 179
\BOOKMARK [2][-]{subsection.10.2.2}{Vector}{section.10.2}% 180
\BOOKMARK [2][-]{subsection.10.2.3}{List}{section.10.2}% 181
\BOOKMARK [2][-]{subsection.10.2.4}{GenericStack}{section.10.2}% 182
\BOOKMARK [2][-]{subsection.10.2.5}{Map}{section.10.2}% 183
\BOOKMARK [2][-]{subsection.10.2.6}{Option}{section.10.2}% 184
\BOOKMARK [1][-]{section.10.3}{Regular\040Expressions}{chapter.10}% 185
\BOOKMARK [2][-]{subsection.10.3.1}{Matching}{section.10.3}% 186
\BOOKMARK [2][-]{subsection.10.3.2}{Groups}{section.10.3}% 187
\BOOKMARK [2][-]{subsection.10.3.3}{Replace}{section.10.3}% 188
\BOOKMARK [2][-]{subsection.10.3.4}{Split}{section.10.3}% 189
\BOOKMARK [2][-]{subsection.10.3.5}{Map}{section.10.3}% 190
\BOOKMARK [2][-]{subsection.10.3.6}{Implementation\040Details}{section.10.3}% 191
\BOOKMARK [1][-]{section.10.4}{Math}{chapter.10}% 192
\BOOKMARK [2][-]{subsection.10.4.1}{Special\040Numbers}{section.10.4}% 193
\BOOKMARK [2][-]{subsection.10.4.2}{Mathematical\040Errors}{section.10.4}% 194
\BOOKMARK [2][-]{subsection.10.4.3}{Integer\040Math}{section.10.4}% 195
\BOOKMARK [2][-]{subsection.10.4.4}{Extensions}{section.10.4}% 196
\BOOKMARK [1][-]{section.10.5}{Lambda}{chapter.10}% 197
\BOOKMARK [1][-]{section.10.6}{Template}{chapter.10}% 198
\BOOKMARK [1][-]{section.10.7}{Reflection}{chapter.10}% 199
\BOOKMARK [1][-]{section.10.8}{Serialization}{chapter.10}% 200
\BOOKMARK [2][-]{subsection.10.8.1}{Serialization\040format}{section.10.8}% 201
\BOOKMARK [1][-]{section.10.9}{Xml}{chapter.10}% 202
\BOOKMARK [2][-]{subsection.10.9.1}{Getting\040started\040with\040Xml}{section.10.9}% 203
\BOOKMARK [2][-]{subsection.10.9.2}{Parsing\040Xml}{section.10.9}% 204
\BOOKMARK [2][-]{subsection.10.9.3}{Encoding\040Xml}{section.10.9}% 205
\BOOKMARK [1][-]{section.10.10}{Json}{chapter.10}% 206
\BOOKMARK [2][-]{subsection.10.10.1}{Parsing\040JSON}{section.10.10}% 207
\BOOKMARK [2][-]{subsection.10.10.2}{Encoding\040JSON}{section.10.10}% 208
\BOOKMARK [2][-]{subsection.10.10.3}{Implementation\040details}{section.10.10}% 209
\BOOKMARK [1][-]{section.10.11}{Input/Output}{chapter.10}% 210
\BOOKMARK [1][-]{section.10.12}{Sys/sys}{chapter.10}% 211
\BOOKMARK [1][-]{section.10.13}{Remoting}{chapter.10}% 212
\BOOKMARK [2][-]{subsection.10.13.1}{Remoting\040Connection}{section.10.13}% 213
\BOOKMARK [2][-]{subsection.10.13.2}{Implementation\040details}{section.10.13}% 214
\BOOKMARK [1][-]{section.10.14}{Unit\040testing}{chapter.10}% 215
\BOOKMARK [-1][-]{part.4}{IV\040Miscellaneous}{}% 216
\BOOKMARK [0][-]{chapter.11}{Haxelib}{part.4}% 217
\BOOKMARK [1][-]{section.11.1}{Using\040a\040Haxe\040library\040with\040the\040Haxe\040Compiler}{chapter.11}% 218
\BOOKMARK [1][-]{section.11.2}{haxelib.json}{chapter.11}% 219
\BOOKMARK [2][-]{subsection.11.2.1}{Versioning}{section.11.2}% 220
\BOOKMARK [2][-]{subsection.11.2.2}{Dependencies}{section.11.2}% 221
\BOOKMARK [1][-]{section.11.3}{extraParams.hxml}{chapter.11}% 222
\BOOKMARK [1][-]{section.11.4}{Using\040Haxelib}{chapter.11}% 223
\BOOKMARK [0][-]{chapter.12}{Target\040Details}{part.4}% 224
\BOOKMARK [1][-]{section.12.1}{JavaScript}{chapter.12}% 225
\BOOKMARK [2][-]{subsection.12.1.1}{Getting\040started\040with\040Haxe/JavaScript}{section.12.1}% 226
\BOOKMARK [2][-]{subsection.12.1.2}{Using\040external\040JavaScript\040libraries}{section.12.1}% 227
\BOOKMARK [2][-]{subsection.12.1.3}{Inject\040raw\040JavaScript}{section.12.1}% 228
\BOOKMARK [2][-]{subsection.12.1.4}{JavaScript\040untyped\040functions}{section.12.1}% 229
\BOOKMARK [2][-]{subsection.12.1.5}{Debugging\040JavaScript}{section.12.1}% 230
\BOOKMARK [2][-]{subsection.12.1.6}{JavaScript\040target\040Metadata}{section.12.1}% 231
\BOOKMARK [2][-]{subsection.12.1.7}{Exposing\040Haxe\040classes\040for\040JavaScript}{section.12.1}% 232
\BOOKMARK [2][-]{subsection.12.1.8}{Loading\040extern\040classes\040using\040"require"\040function}{section.12.1}% 233
\BOOKMARK [1][-]{section.12.2}{Flash}{chapter.12}% 234
\BOOKMARK [2][-]{subsection.12.2.1}{Getting\040started\040with\040Haxe/Flash}{section.12.2}% 235
\BOOKMARK [2][-]{subsection.12.2.2}{Embedding\040resources}{section.12.2}% 236
\BOOKMARK [2][-]{subsection.12.2.3}{Using\040external\040Flash\040libraries}{section.12.2}% 237
\BOOKMARK [2][-]{subsection.12.2.4}{Flash\040target\040Metadata}{section.12.2}% 238
\BOOKMARK [1][-]{section.12.3}{Neko}{chapter.12}% 239
\BOOKMARK [1][-]{section.12.4}{PHP}{chapter.12}% 240
\BOOKMARK [2][-]{subsection.12.4.1}{Getting\040started\040with\040Haxe/PHP}{section.12.4}% 241
\BOOKMARK [2][-]{subsection.12.4.2}{PHP\040untyped\040functions}{section.12.4}% 242
\BOOKMARK [1][-]{section.12.5}{C++}{chapter.12}% 243
\BOOKMARK [2][-]{subsection.12.5.1}{Using\040C++\040Defines}{section.12.5}% 244
\BOOKMARK [2][-]{subsection.12.5.2}{Using\040C++\040Pointers}{section.12.5}% 245
\BOOKMARK [1][-]{section.12.6}{Java}{chapter.12}% 246
\BOOKMARK [1][-]{section.12.7}{C#}{chapter.12}% 247
\BOOKMARK [1][-]{section.12.8}{Python}{chapter.12}% 248
